Assuming unrestricted shared filesystem usage.
host: Agnes
Building DAG of jobs...
Using shell: /bin/bash
Provided cores: 1 (use --cores to define parallelism)
Rules claiming more threads will be scaled down.
Job stats:
job              count
-------------  -------
all                  1
delineate_ecg        1
total                2

Select jobs to execute...
Execute 1 jobs...
[Wed Dec  3 18:19:43 2025]
localrule delineate_ecg:
    input: results/preprocessed.npy, results/r_peaks.npy
    output: results/delineation.json
    jobid: 7
    reason: Missing output files: results/delineation.json
    resources: tmpdir=/var/folders/7r/plw5qn4j7xl0z2_tlbnlls7m0000gn/T
[Wed Dec  3 18:20:05 2025]
Finished jobid: 7 (Rule: delineate_ecg)
1 of 2 steps (50%) done
Select jobs to execute...
Execute 1 jobs...
[Wed Dec  3 18:20:05 2025]
localrule all:
    input: results/preprocessed.npy, results/r_peaks.npy, results/rr_intervals.npy, results/hrv_metrics.json, results/ecg_plot.png, results/features.json, results/delineation.json
    jobid: 0
    reason: Input files updated by another job: results/delineation.json
    resources: tmpdir=/var/folders/7r/plw5qn4j7xl0z2_tlbnlls7m0000gn/T
[Wed Dec  3 18:20:05 2025]
Finished jobid: 0 (Rule: all)
2 of 2 steps (100%) done
Complete log(s): /Users/agnesjuhasz/Documents/ECGml/.snakemake/log/2025-12-03T181943.621591.snakemake.log
